{
  "RSpec": {
    "coverage": {
      "/Users/tonysmac/Turing/backend/mod2/projects/LittleShop/spec/models/item_spec.rb": [
        1,
        null,
        1,
        1,
        2,
        2,
        2,
        2,
        2,
        2,
        null,
        null,
        1,
        1,
        2,
        2,
        null,
        null,
        null
      ],
      "/Users/tonysmac/Turing/backend/mod2/projects/LittleShop/app/models/item.rb": [
        1,
        1,
        null,
        1,
        1,
        null
      ],
      "/Users/tonysmac/Turing/backend/mod2/projects/LittleShop/app/models/application_record.rb": [
        1,
        1,
        null
      ]
    },
    "timestamp": 1544915316
  }
}
