{
  "RSpec": {
    "coverage": {
      "/Users/leahkmiller/turing/2module/LittleShop/spec/models/order_items_spec.rb": [
        1,
        null,
        1,
        1,
        2,
        2,
        2,
        null,
        null,
        1,
        1,
        1,
        null,
        null
      ],
      "/Users/leahkmiller/turing/2module/LittleShop/app/models/order_item.rb": [
        1,
        1,
        null,
        null,
        null,
        null
      ],
      "/Users/leahkmiller/turing/2module/LittleShop/app/models/application_record.rb": [
        1,
        1,
        null
      ]
    },
    "timestamp": 1544915261
  }
}
